<?xml version="1.0" encoding="UTF-8"?>
<testsuite xmlns:xsi="http://www.w3.org/2001/XMLSchema-instance" xsi:noNamespaceSchemaLocation="https://maven.apache.org/surefire/maven-surefire-plugin/xsd/surefire-test-report-3.0.xsd" version="3.0" name="com.example.CreateSetTest" time="0.747" tests="3" errors="0" skipped="0" failures="0">
  <properties>
    <property name="java.specification.version" value="17"/>
    <property name="javafx.runtime.version" value="17.0.2-ea+3"/>
    <property name="sun.cpu.isalist" value="amd64"/>
    <property name="sun.jnu.encoding" value="Cp1252"/>
    <property name="java.class.path" value="C:\Users\maras\Downloads\Notely\notely\target\test-classes;C:\Users\maras\.m2\repository\org\openjfx\javafx-controls\17.0.1\javafx-controls-17.0.1.jar;C:\Users\maras\.m2\repository\org\openjfx\javafx-fxml\17.0.1\javafx-fxml-17.0.1.jar;C:\Users\maras\.m2\repository\org\junit\jupiter\junit-jupiter-api\5.8.1\junit-jupiter-api-5.8.1.jar;C:\Users\maras\.m2\repository\org\opentest4j\opentest4j\1.2.0\opentest4j-1.2.0.jar;C:\Users\maras\.m2\repository\org\junit\platform\junit-platform-commons\1.8.1\junit-platform-commons-1.8.1.jar;C:\Users\maras\.m2\repository\org\apiguardian\apiguardian-api\1.1.2\apiguardian-api-1.1.2.jar;C:\Users\maras\.m2\repository\org\junit\jupiter\junit-jupiter-engine\5.8.1\junit-jupiter-engine-5.8.1.jar;C:\Users\maras\.m2\repository\org\junit\platform\junit-platform-engine\1.8.1\junit-platform-engine-1.8.1.jar;C:\Users\maras\.m2\repository\org\openjfx\javafx-graphics\17.0.2\javafx-graphics-17.0.2.jar;C:\Users\maras\.m2\repository\org\openjfx\javafx-base\17.0.2\javafx-base-17.0.2.jar;C:\Users\maras\.m2\repository\org\mockito\mockito-core\4.3.1\mockito-core-4.3.1.jar;C:\Users\maras\.m2\repository\net\bytebuddy\byte-buddy\1.12.7\byte-buddy-1.12.7.jar;C:\Users\maras\.m2\repository\net\bytebuddy\byte-buddy-agent\1.12.7\byte-buddy-agent-1.12.7.jar;C:\Users\maras\.m2\repository\org\objenesis\objenesis\3.2\objenesis-3.2.jar;C:\Users\maras\.m2\repository\org\mockito\mockito-junit-jupiter\4.3.1\mockito-junit-jupiter-4.3.1.jar;"/>
    <property name="java.vm.vendor" value="Amazon.com Inc."/>
    <property name="sun.arch.data.model" value="64"/>
    <property name="user.variant" value=""/>
    <property name="java.vendor.url" value="https://aws.amazon.com/corretto/"/>
    <property name="user.timezone" value="America/New_York"/>
    <property name="javafx.version" value="17.0.2-ea"/>
    <property name="os.name" value="Windows 11"/>
    <property name="java.vm.specification.version" value="17"/>
    <property name="sun.java.launcher" value="SUN_STANDARD"/>
    <property name="user.country" value="US"/>
    <property name="sun.boot.library.path" value="C:\Users\maras\.jdks\corretto-17.0.14\bin"/>
    <property name="sun.java.command" value="org.apache.maven.surefire.booter.ForkedBooter C:\Users\maras\AppData\Local\Temp\surefire12920613322994982108 2025-04-14T20-36-27_932-jvmRun1 surefire-20250414203628416_1tmp surefire_0-20250414203628416_2tmp"/>
    <property name="jdk.debug" value="release"/>
    <property name="surefire.test.class.path" value="C:\Users\maras\Downloads\Notely\notely\target\test-classes;C:\Users\maras\.m2\repository\org\openjfx\javafx-controls\17.0.1\javafx-controls-17.0.1.jar;C:\Users\maras\.m2\repository\org\openjfx\javafx-fxml\17.0.1\javafx-fxml-17.0.1.jar;C:\Users\maras\.m2\repository\org\junit\jupiter\junit-jupiter-api\5.8.1\junit-jupiter-api-5.8.1.jar;C:\Users\maras\.m2\repository\org\opentest4j\opentest4j\1.2.0\opentest4j-1.2.0.jar;C:\Users\maras\.m2\repository\org\junit\platform\junit-platform-commons\1.8.1\junit-platform-commons-1.8.1.jar;C:\Users\maras\.m2\repository\org\apiguardian\apiguardian-api\1.1.2\apiguardian-api-1.1.2.jar;C:\Users\maras\.m2\repository\org\junit\jupiter\junit-jupiter-engine\5.8.1\junit-jupiter-engine-5.8.1.jar;C:\Users\maras\.m2\repository\org\junit\platform\junit-platform-engine\1.8.1\junit-platform-engine-1.8.1.jar;C:\Users\maras\.m2\repository\org\openjfx\javafx-graphics\17.0.2\javafx-graphics-17.0.2.jar;C:\Users\maras\.m2\repository\org\openjfx\javafx-base\17.0.2\javafx-base-17.0.2.jar;C:\Users\maras\.m2\repository\org\mockito\mockito-core\4.3.1\mockito-core-4.3.1.jar;C:\Users\maras\.m2\repository\net\bytebuddy\byte-buddy\1.12.7\byte-buddy-1.12.7.jar;C:\Users\maras\.m2\repository\net\bytebuddy\byte-buddy-agent\1.12.7\byte-buddy-agent-1.12.7.jar;C:\Users\maras\.m2\repository\org\objenesis\objenesis\3.2\objenesis-3.2.jar;C:\Users\maras\.m2\repository\org\mockito\mockito-junit-jupiter\4.3.1\mockito-junit-jupiter-4.3.1.jar;"/>
    <property name="sun.cpu.endian" value="little"/>
    <property name="user.home" value="C:\Users\maras"/>
    <property name="user.language" value="en"/>
    <property name="java.specification.vendor" value="Oracle Corporation"/>
    <property name="jdk.module.path" value="C:\Users\maras\Downloads\Notely\notely\target\classes;C:\Users\maras\.m2\repository\org\openjfx\javafx-controls\17.0.1\javafx-controls-17.0.1-win.jar;C:\Users\maras\.m2\repository\org\openjfx\javafx-fxml\17.0.1\javafx-fxml-17.0.1-win.jar;C:\Users\maras\.m2\repository\org\openjfx\javafx-graphics\17.0.2\javafx-graphics-17.0.2-win.jar;C:\Users\maras\.m2\repository\org\openjfx\javafx-base\17.0.2\javafx-base-17.0.2-win.jar"/>
    <property name="java.version.date" value="2025-01-21"/>
    <property name="java.home" value="C:\Users\maras\.jdks\corretto-17.0.14"/>
    <property name="file.separator" value="\"/>
    <property name="basedir" value="C:\Users\maras\Downloads\Notely\notely"/>
    <property name="java.vm.compressedOopsMode" value="Zero based"/>
    <property name="line.separator" value="&#10;"/>
    <property name="java.vm.specification.vendor" value="Oracle Corporation"/>
    <property name="java.specification.name" value="Java Platform API Specification"/>
    <property name="surefire.real.class.path" value="C:\Users\maras\.m2\repository\org\apache\maven\surefire\surefire-booter\3.0.0\surefire-booter-3.0.0.jar;C:\Users\maras\.m2\repository\org\apache\maven\surefire\surefire-api\3.0.0\surefire-api-3.0.0.jar;C:\Users\maras\.m2\repository\org\apache\maven\surefire\surefire-extensions-spi\3.0.0\surefire-extensions-spi-3.0.0.jar;C:\Users\maras\.m2\repository\org\apache\maven\surefire\surefire-logger-api\3.0.0\surefire-logger-api-3.0.0.jar;C:\Users\maras\.m2\repository\org\apache\maven\surefire\surefire-shared-utils\3.0.0\surefire-shared-utils-3.0.0.jar;C:\Users\maras\Downloads\Notely\notely\target\test-classes;C:\Users\maras\.m2\repository\org\openjfx\javafx-controls\17.0.1\javafx-controls-17.0.1.jar;C:\Users\maras\.m2\repository\org\openjfx\javafx-fxml\17.0.1\javafx-fxml-17.0.1.jar;C:\Users\maras\.m2\repository\org\junit\jupiter\junit-jupiter-api\5.8.1\junit-jupiter-api-5.8.1.jar;C:\Users\maras\.m2\repository\org\opentest4j\opentest4j\1.2.0\opentest4j-1.2.0.jar;C:\Users\maras\.m2\repository\org\junit\platform\junit-platform-commons\1.8.1\junit-platform-commons-1.8.1.jar;C:\Users\maras\.m2\repository\org\apiguardian\apiguardian-api\1.1.2\apiguardian-api-1.1.2.jar;C:\Users\maras\.m2\repository\org\junit\jupiter\junit-jupiter-engine\5.8.1\junit-jupiter-engine-5.8.1.jar;C:\Users\maras\.m2\repository\org\junit\platform\junit-platform-engine\1.8.1\junit-platform-engine-1.8.1.jar;C:\Users\maras\.m2\repository\org\openjfx\javafx-graphics\17.0.2\javafx-graphics-17.0.2.jar;C:\Users\maras\.m2\repository\org\openjfx\javafx-base\17.0.2\javafx-base-17.0.2.jar;C:\Users\maras\.m2\repository\org\mockito\mockito-core\4.3.1\mockito-core-4.3.1.jar;C:\Users\maras\.m2\repository\net\bytebuddy\byte-buddy\1.12.7\byte-buddy-1.12.7.jar;C:\Users\maras\.m2\repository\net\bytebuddy\byte-buddy-agent\1.12.7\byte-buddy-agent-1.12.7.jar;C:\Users\maras\.m2\repository\org\objenesis\objenesis\3.2\objenesis-3.2.jar;C:\Users\maras\.m2\repository\org\mockito\mockito-junit-jupiter\4.3.1\mockito-junit-jupiter-4.3.1.jar;C:\Users\maras\.m2\repository\org\apache\maven\surefire\surefire-junit-platform\3.0.0\surefire-junit-platform-3.0.0.jar;C:\Users\maras\.m2\repository\org\apache\maven\surefire\common-java5\3.0.0\common-java5-3.0.0.jar;C:\Users\maras\.m2\repository\org\junit\platform\junit-platform-launcher\1.8.1\junit-platform-launcher-1.8.1.jar"/>
    <property name="user.script" value=""/>
    <property name="sun.management.compiler" value="HotSpot 64-Bit Tiered Compilers"/>
    <property name="java.runtime.version" value="17.0.14+7-LTS"/>
    <property name="user.name" value="maras"/>
    <property name="path.separator" value=";"/>
    <property name="os.version" value="10.0"/>
    <property name="java.runtime.name" value="OpenJDK Runtime Environment"/>
    <property name="file.encoding" value="Cp1252"/>
    <property name="java.vm.name" value="OpenJDK 64-Bit Server VM"/>
    <property name="java.vendor.version" value="Corretto-17.0.14.7.1"/>
    <property name="localRepository" value="C:\Users\maras\.m2\repository"/>
    <property name="java.vendor.url.bug" value="https://github.com/corretto/corretto-17/issues/"/>
    <property name="java.io.tmpdir" value="C:\Users\maras\AppData\Local\Temp\"/>
    <property name="java.version" value="17.0.14"/>
    <property name="user.dir" value="C:\Users\maras\Downloads\Notely\Notely"/>
    <property name="os.arch" value="amd64"/>
    <property name="java.vm.specification.name" value="Java Virtual Machine Specification"/>
    <property name="sun.os.patch.level" value=""/>
    <property name="native.encoding" value="Cp1252"/>
    <property name="java.library.path" value="C:\Users\maras\.jdks\corretto-17.0.14\bin;C:\WINDOWS\Sun\Java\bin;C:\WINDOWS\system32;C:\WINDOWS;C:\Program Files\Git\mingw64\bin;C:\Program Files\Git\usr\bin;C:\Users\maras\bin;C:\Windows\system32;C:\Windows;C:\Windows\System32\Wbem;C:\Windows\System32\WindowsPowerShell\v1.0;C:\Windows\System32\OpenSSH;C:\Program Files (x86)\NVIDIA Corporation\PhysX\Common;C:\Program Files\NVIDIA Corporation\NVIDIA NvDLISR;C:\WINDOWS\system32;C:\WINDOWS;C:\WINDOWS\System32\Wbem;C:\WINDOWS\System32\WindowsPowerShell\v1.0;C:\WINDOWS\System32\OpenSSH;C:\Program Files\Git\cmd;C:\Users\maras\Downloads\apache-maven-3.9.9\bin;C:\Users\maras\Downloads\gradle-8.13-bin\gradle-8.13\bin;C:\Users\maras\.jdks\corretto-17.0.14\bin;C:\Users\maras\AppData\Local\Microsoft\WindowsApps;C:\Users\maras\AppData\Local\Programs\Microsoft VS Code\bin;."/>
    <property name="java.vm.info" value="mixed mode"/>
    <property name="java.vendor" value="Amazon.com Inc."/>
    <property name="java.vm.version" value="17.0.14+7-LTS"/>
    <property name="java.specification.maintenance.version" value="1"/>
    <property name="sun.io.unicode.encoding" value="UnicodeLittle"/>
    <property name="java.class.version" value="61.0"/>
  </properties>
  <testcase name="testCreateSet_Success" classname="com.example.CreateSetTest" time="0.259"/>
  <testcase name="testCreateSet_InvalidInputs" classname="com.example.CreateSetTest" time="0.003"/>
  <testcase name="testCreateSet_AlreadyExists" classname="com.example.CreateSetTest" time="0.005"/>
</testsuite>